<?xml version="1.0" encoding="UTF-8"?>
<testsuite xmlns:xsi="http://www.w3.org/2001/XMLSchema-instance" xsi:noNamespaceSchemaLocation="https://maven.apache.org/surefire/maven-surefire-plugin/xsd/surefire-test-report.xsd" version="3.0.2" name="org.example.graduaterecommendationevaluation.GraduateRecommendationEvaluationApplicationTests" time="4.961" tests="1" errors="0" skipped="0" failures="0">
  <properties>
[...]
</properties>
  <testcase name="contextLoads" classname="org.example.graduaterecommendationevaluation.GraduateRecommendationEvaluationApplicationTests" time="0.567">
    <system-out><![CDATA[14:04:50.024 [main] INFO org.springframework.test.context.support.AnnotationConfigContextLoaderUtils -- Could not detect default configuration classes for test class [org.example.graduaterecommendationevaluation.GraduateRecommendationEvaluationApplicationTests]: GraduateRecommendationEvaluationApplicationTests does not declare any static, non-private, non-final, nested classes annotated with @Configuration.
14:04:50.186 [main] INFO org.springframework.boot.test.context.SpringBootTestContextBootstrapper -- Found @SpringBootConfiguration org.example.graduaterecommendationevaluation.GraduateRecommendationEvaluationApplication for test class org.example.graduaterecommendationevaluation.GraduateRecommendationEvaluationApplicationTests

  .   ____          _            __ _ _
 /\\ / ___'_ __ _ _(_)_ __  __ _ \ \ \ \
( ( )\___ | '_ | '_| | '_ \/ _` | \ \ \ \
 \\/  ___)| |_)| | | | | || (_| |  ) ) ) )
  '  |____| .__|_| |_|_| |_\__, | / / / /
 =========|_|==============|___/=/_/_/_/

 :: Spring Boot ::                (v3.5.6)

INFO  org.springframework.boot.StartupInfoLogger.logStarting[53] - Starting GraduateRecommendationEvaluationApplicationTests using Java 21.0.7 with PID 18580 (started by 86155 in C:\workspace-java\graduate-recommendation-evaluation)
DEBUG org.springframework.boot.StartupInfoLogger.logStarting[54] - Running with Spring Boot v3.5.6, Spring v6.2.11
INFO  org.springframework.boot.SpringApplication.logStartupProfileInfo[658] - The following 1 profile is active: "dev"
INFO  org.springframework.boot.StartupInfoLogger.logStarted[59] - Started GraduateRecommendationEvaluationApplicationTests in 3.668 seconds (process running for 4.729)
]]></system-out>
    <system-err><![CDATA[Mockito is currently self-attaching to enable the inline-mock-maker. This will no longer work in future releases of the JDK. Please add Mockito as an agent to your build as described in Mockito's documentation: https://javadoc.io/doc/org.mockito/mockito-core/latest/org.mockito/org/mockito/Mockito.html#0.3
WARNING: A Java agent has been loaded dynamically (C:\m2\repository\net\bytebuddy\byte-buddy-agent\1.17.7\byte-buddy-agent-1.17.7.jar)
WARNING: If a serviceability tool is in use, please run with -XX:+EnableDynamicAgentLoading to hide this warning
WARNING: If a serviceability tool is not in use, please run with -Djdk.instrument.traceUsage for more information
WARNING: Dynamic loading of agents will be disallowed by default in a future release
]]></system-err>
  </testcase>
</testsuite>